<?xml version="1.0" encoding="UTF-8"?>
<!-- Generated by org.testng.reporters.JUnitXMLReporter -->
<testsuite ignored="0" hostname="Rajesh" failures="0" tests="1" name="test1" time="0.116" errors="0" timestamp="2023-08-16T17:21:56 IST">
  <testcase classname="grid.BaseClass" name="@BeforeMethod gridPractice" time="-1.692186716142E9">
    <failure type="org.testng.TestNGException" message="
Parameter &amp;apos;chrome&amp;apos; is required by BeforeMethod on method gridPractice but has not been marked @Optional or defined
in C:\Users\LENOVO\git\GreenTradeProject\com.greentrade\testng.xml">
      <![CDATA[org.testng.TestNGException: 
Parameter 'chrome' is required by BeforeMethod on method gridPractice but has not been marked @Optional or defined
in C:\Users\LENOVO\git\GreenTradeProject\com.greentrade\testng.xml
at java.base/java.util.ArrayList.forEach(ArrayList.java:1511)
... Removed 28 stack frames]]>
    </failure>
  </testcase> <!-- @BeforeMethod gridPractice -->
  <testcase classname="grid.BaseClass" name="remoteExecution" time="0.001">
    <skipped/>
  </testcase> <!-- remoteExecution -->
</testsuite> <!-- test1 -->
